2024-08-10T17:47:52.817+0700 [main] INFO  com.example.demo.controllers.OrderController - Retrieved item with ID: 1
2024-08-10T17:47:52.856+0700 [main] INFO  com.example.demo.controllers.OrderController - No items found with name: Item
2024-08-10T17:47:52.860+0700 [main] INFO  com.example.demo.controllers.OrderController - Retrieved all items from the database.
2024-08-10T17:47:52.863+0700 [main] INFO  com.example.demo.controllers.OrderController - Item not found for ID: 1
2024-08-10T17:47:52.866+0700 [main] INFO  com.example.demo.controllers.OrderController - Retrieved 2 items with name: Item
2024-08-10T17:48:21.865+0700 [main] INFO  com.example.demo.controllers.OrderController - Retrieved item with ID: 1
2024-08-10T17:48:21.923+0700 [main] INFO  com.example.demo.controllers.OrderController - No items found with name: Item
2024-08-10T17:48:21.935+0700 [main] INFO  com.example.demo.controllers.OrderController - Retrieved all items from the database.
2024-08-10T17:48:21.945+0700 [main] INFO  com.example.demo.controllers.OrderController - Retrieved 2 items with name: Item
2024-08-10T17:52:41.190+0700 [main] INFO  com.example.demo.controllers.OrderController - Retrieved item with ID: 1
2024-08-10T17:52:41.214+0700 [main] INFO  com.example.demo.controllers.OrderController - No items found with name: Item Not Found
2024-08-10T17:52:41.217+0700 [main] INFO  com.example.demo.controllers.OrderController - Retrieved all items from the database.
2024-08-10T17:52:41.221+0700 [main] INFO  com.example.demo.controllers.OrderController - Item not found for ID: 1
2024-08-10T17:52:41.223+0700 [main] INFO  com.example.demo.controllers.OrderController - Retrieved 2 items with name: Items
2024-08-10T18:07:47.182+0700 [main] INFO  com.example.demo.controllers.OrderController - Retrieved item with ID: 1
2024-08-10T18:07:47.221+0700 [main] INFO  com.example.demo.controllers.OrderController - No items found with name: Item Not Found
2024-08-10T18:07:47.228+0700 [main] INFO  com.example.demo.controllers.OrderController - Retrieved all items from the database.
2024-08-10T18:07:47.233+0700 [main] INFO  com.example.demo.controllers.OrderController - Item not found for ID: 1
2024-08-10T18:07:47.239+0700 [main] INFO  com.example.demo.controllers.OrderController - No items found with name: Item Name Found
2024-08-10T18:08:56.701+0700 [main] INFO  com.example.demo.controllers.OrderController - Retrieved item with ID: 1
2024-08-10T18:08:56.727+0700 [main] INFO  com.example.demo.controllers.OrderController - No items found with name: Item Not Found
2024-08-10T18:08:56.730+0700 [main] INFO  com.example.demo.controllers.OrderController - Retrieved all items from the database.
2024-08-10T18:08:56.733+0700 [main] INFO  com.example.demo.controllers.OrderController - Item not found for ID: 1
2024-08-10T18:08:56.736+0700 [main] INFO  com.example.demo.controllers.OrderController - No items found with name: Item Name 1
2024-08-10T18:09:42.007+0700 [main] INFO  com.example.demo.controllers.OrderController - Retrieved item with ID: 1
2024-08-10T18:09:42.039+0700 [main] INFO  com.example.demo.controllers.OrderController - No items found with name: Item Not Found
2024-08-10T18:09:42.044+0700 [main] INFO  com.example.demo.controllers.OrderController - Retrieved all items from the database.
2024-08-10T18:09:42.048+0700 [main] INFO  com.example.demo.controllers.OrderController - Item not found for ID: 1
2024-08-10T18:09:42.053+0700 [main] INFO  com.example.demo.controllers.OrderController - No items found with name: Item Name 1
2024-08-10T18:10:17.572+0700 [main] INFO  com.example.demo.controllers.OrderController - Retrieved 1 items with name: Item Name 1
2024-08-10T18:11:30.221+0700 [main] INFO  com.example.demo.controllers.OrderController - Retrieved item with ID: 9
2024-08-10T18:11:30.261+0700 [main] INFO  com.example.demo.controllers.OrderController - No items found with name: Item Not Found
2024-08-10T18:11:30.267+0700 [main] INFO  com.example.demo.controllers.OrderController - Retrieved all items from the database.
2024-08-10T18:11:30.271+0700 [main] INFO  com.example.demo.controllers.OrderController - Item not found for ID: 9
2024-08-10T18:11:30.276+0700 [main] INFO  com.example.demo.controllers.OrderController - Retrieved 1 items with name: Item Name 1
2024-08-10T18:46:36.940+0700 [main] INFO  com.example.demo.controllers.OrderController - Retrieved item with ID: 9
2024-08-10T18:46:36.996+0700 [main] INFO  com.example.demo.controllers.OrderController - No items found with name: Item Not Found
2024-08-10T18:46:37.003+0700 [main] INFO  com.example.demo.controllers.OrderController - Retrieved all items from the database.
2024-08-10T18:46:37.009+0700 [main] INFO  com.example.demo.controllers.OrderController - Item not found for ID: 9
2024-08-10T18:46:37.016+0700 [main] INFO  com.example.demo.controllers.OrderController - Retrieved 1 items with name: Item Name 1
2024-08-10T19:10:51.714+0700 [main] INFO  com.example.demo.controllers.OrderController - Retrieved item with ID: 9
2024-08-10T19:10:51.794+0700 [main] INFO  com.example.demo.controllers.OrderController - No items found with name: Item Not Found
2024-08-10T19:10:51.802+0700 [main] INFO  com.example.demo.controllers.OrderController - Retrieved all items from the database.
2024-08-10T19:10:51.808+0700 [main] INFO  com.example.demo.controllers.OrderController - Item not found for ID: 9
2024-08-10T19:10:51.814+0700 [main] INFO  com.example.demo.controllers.OrderController - Retrieved 1 items with name: Item Name 1
2024-08-10T19:19:10.008+0700 [main] INFO  com.example.demo.controllers.OrderController - Retrieved item with ID: 9
2024-08-10T19:19:10.068+0700 [main] INFO  com.example.demo.controllers.OrderController - No items found with name: Item Not Found
2024-08-10T19:19:10.079+0700 [main] INFO  com.example.demo.controllers.OrderController - Retrieved all items from the database.
2024-08-10T19:19:10.089+0700 [main] INFO  com.example.demo.controllers.OrderController - Item not found for ID: 9
2024-08-10T19:19:10.100+0700 [main] INFO  com.example.demo.controllers.OrderController - Retrieved 1 items with name: Item Name 1
2024-08-10T19:23:07.596+0700 [main] INFO  com.example.demo.controllers.OrderController - User not found for order submit: nonexistentUser
2024-08-10T19:23:07.620+0700 [main] INFO  com.example.demo.controllers.OrderController - Order submitted successfully for user: testUser
2024-08-10T19:23:07.622+0700 [main] INFO  com.example.demo.controllers.OrderController - Retrieved order history for user: testUser
2024-08-10T19:23:36.281+0700 [main] INFO  com.example.demo.controllers.OrderController - User not found for order submit: nonexistentUser
2024-08-10T19:23:36.313+0700 [main] INFO  com.example.demo.controllers.OrderController - Order submitted successfully for user: testUser
2024-08-10T19:23:36.317+0700 [main] INFO  com.example.demo.controllers.OrderController - Retrieved order history for user: testUser
2024-08-10T19:24:40.486+0700 [main] INFO  com.example.demo.controllers.OrderController - User not found for order submit: nonexistentUser
2024-08-10T19:24:40.531+0700 [main] INFO  com.example.demo.controllers.OrderController - Order submitted successfully for user: testUser
2024-08-10T19:24:40.537+0700 [main] INFO  com.example.demo.controllers.OrderController - Retrieved order history for user: testUser
2024-08-10T19:27:40.628+0700 [main] INFO  com.example.demo.controllers.OrderController - User not found for order submit: nonexistentUser
2024-08-10T19:27:40.681+0700 [main] INFO  com.example.demo.controllers.OrderController - Order submitted successfully for user: testUser
2024-08-10T19:27:40.687+0700 [main] INFO  com.example.demo.controllers.OrderController - Retrieved order history for user: testUser
2024-08-10T19:29:03.714+0700 [main] INFO  com.example.demo.controllers.OrderController - User not found for order submit: nonexistentUser
2024-08-10T19:29:03.741+0700 [main] INFO  com.example.demo.controllers.OrderController - Order submitted successfully for user: testUser
2024-08-10T19:29:03.746+0700 [main] INFO  com.example.demo.controllers.OrderController - Retrieved order history for user: testUser
2024-08-10T19:29:48.152+0700 [main] INFO  com.example.demo.controllers.OrderController - User not found for order submit: nonexistentUser
2024-08-10T19:29:48.177+0700 [main] INFO  com.example.demo.controllers.OrderController - Order submitted successfully for user: testUser
2024-08-10T19:29:48.181+0700 [main] INFO  com.example.demo.controllers.OrderController - Retrieved order history for user: testUser
2024-08-10T19:41:19.391+0700 [main] INFO  com.example.demo.controllers.OrderController - User not found for order submit: nonexistentUser
2024-08-10T19:41:19.416+0700 [main] INFO  com.example.demo.controllers.OrderController - Order submitted successfully for user: testUser
2024-08-10T19:41:19.419+0700 [main] INFO  com.example.demo.controllers.OrderController - Retrieved order history for user: testUser
2024-08-10T19:41:48.411+0700 [main] INFO  com.example.demo.controllers.OrderController - User not found for order submit: nonexistentUser
2024-08-10T19:41:48.437+0700 [main] INFO  com.example.demo.controllers.OrderController - Order submitted successfully for user: testUser
2024-08-10T19:41:48.440+0700 [main] INFO  com.example.demo.controllers.OrderController - Retrieved order history for user: testUser
2024-08-10T19:54:43.058+0700 [main] INFO  com.example.demo.controllers.OrderController - Retrieved item with ID: 9
2024-08-10T19:54:43.094+0700 [main] INFO  com.example.demo.controllers.OrderController - No items found with name: Item Not Found
2024-08-10T19:54:43.099+0700 [main] INFO  com.example.demo.controllers.OrderController - Retrieved all items from the database.
2024-08-10T19:54:43.103+0700 [main] INFO  com.example.demo.controllers.OrderController - Item not found for ID: 9
2024-08-10T19:54:43.107+0700 [main] INFO  com.example.demo.controllers.OrderController - Retrieved 1 items with name: Item Name 1
2024-08-10T19:54:51.599+0700 [main] INFO  com.example.demo.controllers.OrderController - User not found for order submit: nonexistentUser
2024-08-10T19:54:51.647+0700 [main] INFO  com.example.demo.controllers.OrderController - Retrieved order history for user: testUser
2024-08-10T19:56:30.203+0700 [main] INFO  com.example.demo.controllers.OrderController - User not found for order submit: nonexistentUser
2024-08-10T19:56:30.240+0700 [main] INFO  com.example.demo.controllers.OrderController - Retrieved order history for user: testUser
2024-08-10T19:56:58.791+0700 [main] INFO  com.example.demo.controllers.OrderController - User not found for order submit: nonexistentUser
2024-08-10T19:56:58.833+0700 [main] INFO  com.example.demo.controllers.OrderController - Retrieved order history for user: testUser
2024-08-10T19:59:02.515+0700 [main] INFO  com.example.demo.controllers.OrderController - User not found for order submit: nonexistentUser
2024-08-10T19:59:02.542+0700 [main] INFO  com.example.demo.controllers.OrderController - Order submitted successfully for user: testUser
2024-08-10T19:59:02.545+0700 [main] INFO  com.example.demo.controllers.OrderController - Retrieved order history for user: testUser
2024-08-10T20:00:26.230+0700 [main] INFO  com.example.demo.controllers.OrderController - User not found for order submit: NotExistUser
2024-08-10T20:00:26.282+0700 [main] INFO  com.example.demo.controllers.OrderController - User not found for order submit: TrangTran
2024-08-10T20:00:26.313+0700 [main] INFO  com.example.demo.controllers.OrderController - Retrieved order history for user: TrangTran
2024-08-10T20:00:59.324+0700 [main] INFO  com.example.demo.controllers.OrderController - User not found for order submit: nonexistentUser
2024-08-10T20:00:59.350+0700 [main] INFO  com.example.demo.controllers.OrderController - Order submitted successfully for user: testUser
2024-08-10T20:00:59.353+0700 [main] INFO  com.example.demo.controllers.OrderController - Retrieved order history for user: testUser
2024-08-10T20:01:48.990+0700 [main] INFO  com.example.demo.controllers.OrderController - User not found for order submit: nonexistentUser
2024-08-10T20:01:49.018+0700 [main] INFO  com.example.demo.controllers.OrderController - Order submitted successfully for user: trangtran
2024-08-10T20:01:49.021+0700 [main] INFO  com.example.demo.controllers.OrderController - Retrieved order history for user: testUser
2024-08-10T20:02:09.493+0700 [main] INFO  com.example.demo.controllers.OrderController - User not found for order submit: nonexistuser
2024-08-10T20:02:09.543+0700 [main] INFO  com.example.demo.controllers.OrderController - Order submitted successfully for user: trangtran
2024-08-10T20:02:09.547+0700 [main] INFO  com.example.demo.controllers.OrderController - Retrieved order history for user: testUser
2024-08-10T20:02:29.959+0700 [main] INFO  com.example.demo.controllers.OrderController - User not found for order submit: nonexistuser
2024-08-10T20:02:29.999+0700 [main] INFO  com.example.demo.controllers.OrderController - Order submitted successfully for user: trangtran
2024-08-10T20:02:30.003+0700 [main] INFO  com.example.demo.controllers.OrderController - Retrieved order history for user: trangtran
2024-08-10T20:07:18.605+0700 [main] INFO  com.example.demo.controllers.OrderController - User not found for order submit: nonexistuser
2024-08-10T20:07:18.623+0700 [main] INFO  com.example.demo.controllers.OrderController - Order submitted successfully for user: trangtran
2024-08-10T20:07:18.630+0700 [main] INFO  com.example.demo.controllers.OrderController - Retrieved order history for user: trangtran
2024-08-10T20:07:53.704+0700 [main] INFO  com.example.demo.controllers.OrderController - User not found for order submit: nonexistuser
2024-08-10T20:07:53.731+0700 [main] INFO  com.example.demo.controllers.OrderController - Order submitted successfully for user: trangtran
2024-08-10T20:07:53.736+0700 [main] INFO  com.example.demo.controllers.OrderController - Retrieved order history for user: trangtran
2024-08-10T20:09:21.089+0700 [main] INFO  com.example.demo.controllers.OrderController - User not found for order submit: nonexistuser
2024-08-10T20:09:21.111+0700 [main] INFO  com.example.demo.controllers.OrderController - Order submitted successfully for user: trangtran
2024-08-10T20:09:21.113+0700 [main] INFO  com.example.demo.controllers.OrderController - Retrieved order history for user: trangtran
2024-08-10T20:12:32.320+0700 [main] INFO  com.example.demo.controllers.OrderController - User not found for order submit: nonexistuser
2024-08-10T20:12:32.345+0700 [main] INFO  com.example.demo.controllers.OrderController - Order submitted successfully for user: trangtran
2024-08-10T20:12:32.355+0700 [main] INFO  com.example.demo.controllers.OrderController - Retrieved order history for user: trangtran
2024-08-10T20:12:50.972+0700 [main] INFO  com.example.demo.controllers.OrderController - User not found for order submit: nonexistuser
2024-08-10T20:12:50.998+0700 [main] INFO  com.example.demo.controllers.OrderController - Order submitted successfully for user: trangtran
2024-08-10T20:12:51.001+0700 [main] INFO  com.example.demo.controllers.OrderController - Retrieved order history for user: trangtran
2024-08-10T20:14:11.002+0700 [main] INFO  com.example.demo.controllers.OrderController - User not found for order submit: nonexistuser
2024-08-10T20:14:11.040+0700 [main] INFO  com.example.demo.controllers.OrderController - Order submitted successfully for user: trangtran
2024-08-10T20:14:11.044+0700 [main] INFO  com.example.demo.controllers.OrderController - Retrieved order history for user: trangtran
2024-08-10T20:24:08.537+0700 [main] INFO  com.example.demo.controllers.OrderController - User not found for order submit: nonexistuser
2024-08-10T20:24:08.567+0700 [main] INFO  com.example.demo.controllers.OrderController - Order submitted successfully for user: trangtran
2024-08-10T20:24:08.570+0700 [main] INFO  com.example.demo.controllers.OrderController - Retrieved order history for user: trangtran
2024-08-10T20:24:56.780+0700 [main] INFO  com.example.demo.controllers.OrderController - User not found for order submit: nonexistuser
2024-08-10T20:24:56.824+0700 [main] INFO  com.example.demo.controllers.OrderController - Order submitted successfully for user: trangtran
2024-08-10T20:24:56.830+0700 [main] INFO  com.example.demo.controllers.OrderController - Retrieved order history for user: trangtran
2024-08-10T20:27:58.628+0700 [main] INFO  com.example.demo.controllers.OrderController - User not found for order submit: notfounduser
2024-08-10T20:27:58.656+0700 [main] INFO  com.example.demo.controllers.OrderController - Order submitted successfully for user: trangtran
2024-08-10T20:27:58.659+0700 [main] INFO  com.example.demo.controllers.OrderController - Retrieved order history for user: trangtran
